::1 - - [28/Dec/2024:06:59:19 +0000] "POST /v1/adaca/user HTTP/1.1" 400 43 "-" "PostmanRuntime/7.42.0"
::1 - - [28/Dec/2024:06:59:26 +0000] "POST /v1/adaca/user HTTP/1.1" 200 31 "-" "PostmanRuntime/7.42.0"
::1 - - [28/Dec/2024:06:59:29 +0000] "POST /v1/adaca/user HTTP/1.1" 400 43 "-" "PostmanRuntime/7.42.0"
::1 - - [28/Dec/2024:07:00:13 +0000] "POST /v1/adaca/user HTTP/1.1" 400 43 "-" "PostmanRuntime/7.42.0"
::1 - - [28/Dec/2024:07:00:17 +0000] "POST /v1/adaca/user HTTP/1.1" 200 213 "-" "PostmanRuntime/7.42.0"
::1 - - [28/Dec/2024:07:02:00 +0000] "POST /v1/adaca/user HTTP/1.1" 200 213 "-" "PostmanRuntime/7.42.0"
::1 - - [28/Dec/2024:07:02:27 +0000] "POST /v1/adaca/user HTTP/1.1" 200 211 "-" "PostmanRuntime/7.42.0"
::1 - - [28/Dec/2024:07:05:59 +0000] "PUT /v1/adaca/user HTTP/1.1" 404 152 "-" "PostmanRuntime/7.42.0"
::1 - - [28/Dec/2024:07:06:05 +0000] "PUT /v1/adaca/user/1 HTTP/1.1" 200 212 "-" "PostmanRuntime/7.42.0"
::1 - - [28/Dec/2024:07:06:23 +0000] "POST /v1/adaca/user HTTP/1.1" 200 211 "-" "PostmanRuntime/7.42.0"
::1 - - [28/Dec/2024:07:06:32 +0000] "PUT /v1/adaca/user/5 HTTP/1.1" 200 395 "-" "PostmanRuntime/7.42.0"
::1 - - [28/Dec/2024:07:08:44 +0000] "PUT /v1/adaca/user/5 HTTP/1.1" 200 395 "-" "PostmanRuntime/7.42.0"
::1 - - [28/Dec/2024:07:08:52 +0000] "PUT /v1/adaca/user/5 HTTP/1.1" 200 395 "-" "PostmanRuntime/7.42.0"
::1 - - [28/Dec/2024:07:09:10 +0000] "PUT /v1/adaca/user/5 HTTP/1.1" 200 31 "-" "PostmanRuntime/7.42.0"
::1 - - [28/Dec/2024:07:09:45 +0000] "PUT /v1/adaca/user/5 HTTP/1.1" 200 31 "-" "PostmanRuntime/7.42.0"
::1 - - [28/Dec/2024:07:09:59 +0000] "PUT /v1/adaca/user/5 HTTP/1.1" 200 31 "-" "PostmanRuntime/7.42.0"
::1 - - [28/Dec/2024:07:10:14 +0000] "PUT /v1/adaca/user/5 HTTP/1.1" 200 31 "-" "PostmanRuntime/7.42.0"
::1 - - [28/Dec/2024:07:11:15 +0000] "PUT /v1/adaca/user/5 HTTP/1.1" 200 31 "-" "PostmanRuntime/7.42.0"
::1 - - [28/Dec/2024:07:11:16 +0000] "PUT /v1/adaca/user/5 HTTP/1.1" 200 31 "-" "PostmanRuntime/7.42.0"
::1 - - [28/Dec/2024:07:11:25 +0000] "PUT /v1/adaca/user/5 HTTP/1.1" 400 49 "-" "PostmanRuntime/7.42.0"
::1 - - [28/Dec/2024:07:11:32 +0000] "PUT /v1/adaca/user/5 HTTP/1.1" 400 42 "-" "PostmanRuntime/7.42.0"
::1 - - [28/Dec/2024:07:12:29 +0000] "PUT /v1/adaca/user/5 HTTP/1.1" 400 72 "-" "PostmanRuntime/7.42.0"
::1 - - [28/Dec/2024:07:13:29 +0000] "PUT /v1/adaca/user/5 HTTP/1.1" 400 72 "-" "PostmanRuntime/7.42.0"
::1 - - [28/Dec/2024:07:13:31 +0000] "PUT /v1/adaca/user/5 HTTP/1.1" 400 72 "-" "PostmanRuntime/7.42.0"
::1 - - [28/Dec/2024:07:13:34 +0000] "PUT /v1/adaca/user/5 HTTP/1.1" 400 72 "-" "PostmanRuntime/7.42.0"
::1 - - [28/Dec/2024:07:14:31 +0000] "PUT /v1/adaca/user/5 HTTP/1.1" 200 32 "-" "PostmanRuntime/7.42.0"
::1 - - [28/Dec/2024:07:14:38 +0000] "PUT /v1/adaca/user/51 HTTP/1.1" 200 32 "-" "PostmanRuntime/7.42.0"
::1 - - [28/Dec/2024:07:16:22 +0000] "PUT /v1/adaca/user/51 HTTP/1.1" 400 57 "-" "PostmanRuntime/7.42.0"
::1 - - [28/Dec/2024:07:16:29 +0000] "PUT /v1/adaca/user/5 HTTP/1.1" 200 32 "-" "PostmanRuntime/7.42.0"
::1 - - [28/Dec/2024:07:17:11 +0000] "DELETE /v1/adaca/user/5 HTTP/1.1" 404 157 "-" "PostmanRuntime/7.42.0"
::1 - - [28/Dec/2024:07:18:03 +0000] "DELETE /v1/adaca/user/5 HTTP/1.1" 200 31 "-" "PostmanRuntime/7.42.0"
::1 - - [28/Dec/2024:07:18:10 +0000] "DELETE /v1/adaca/user/1 HTTP/1.1" 200 31 "-" "PostmanRuntime/7.42.0"
::1 - - [28/Dec/2024:07:18:14 +0000] "DELETE /v1/adaca/user/ HTTP/1.1" 404 156 "-" "PostmanRuntime/7.42.0"
::1 - - [28/Dec/2024:07:18:18 +0000] "DELETE /v1/adaca/user/5 HTTP/1.1" 200 31 "-" "PostmanRuntime/7.42.0"
::1 - - [28/Dec/2024:07:18:22 +0000] "DELETE /v1/adaca/user/5 HTTP/1.1" 200 31 "-" "PostmanRuntime/7.42.0"
::1 - - [28/Dec/2024:07:18:28 +0000] "DELETE /v1/adaca/user/5 HTTP/1.1" 400 42 "-" "PostmanRuntime/7.42.0"
::1 - - [28/Dec/2024:07:19:22 +0000] "DELETE /v1/adaca/user/5 HTTP/1.1" 400 67 "-" "PostmanRuntime/7.42.0"
::1 - - [28/Dec/2024:07:19:37 +0000] "DELETE /v1/adaca/user/5 HTTP/1.1" 200 30 "-" "PostmanRuntime/7.42.0"
::1 - - [28/Dec/2024:07:19:40 +0000] "DELETE /v1/adaca/user/5 HTTP/1.1" 200 30 "-" "PostmanRuntime/7.42.0"
::1 - - [28/Dec/2024:07:20:32 +0000] "DELETE /v1/adaca/user/5 HTTP/1.1" 400 57 "-" "PostmanRuntime/7.42.0"
::1 - - [28/Dec/2024:08:08:30 +0000] "POST /v1/adaca/user HTTP/1.1" 400 43 "-" "PostmanRuntime/7.42.0"
::1 - - [28/Dec/2024:08:08:33 +0000] "POST /v1/adaca/user HTTP/1.1" 400 43 "-" "PostmanRuntime/7.42.0"
::1 - - [28/Dec/2024:08:18:48 +0000] "POST /v1/adaca/user HTTP/1.1" 200 212 "-" "PostmanRuntime/7.42.0"
::1 - - [28/Dec/2024:08:18:51 +0000] "POST /v1/adaca/user HTTP/1.1" 400 43 "-" "PostmanRuntime/7.42.0"
::1 - - [28/Dec/2024:08:25:56 +0000] "POST /v1/adaca/user HTTP/1.1" 200 212 "-" "PostmanRuntime/7.42.0"
::1 - - [28/Dec/2024:08:26:01 +0000] "POST /v1/adaca/user HTTP/1.1" 400 43 "-" "PostmanRuntime/7.42.0"
::1 - - [28/Dec/2024:08:31:52 +0000] "POST /v1/adaca/user HTTP/1.1" 200 213 "-" "PostmanRuntime/7.42.0"
::1 - - [28/Dec/2024:08:31:56 +0000] "POST /v1/adaca/user HTTP/1.1" 400 43 "-" "PostmanRuntime/7.42.0"
::1 - - [28/Dec/2024:08:39:58 +0000] "DELETE /v1/adaca/user/42 HTTP/1.1" 200 30 "-" "PostmanRuntime/7.42.0"
